<?xml version="1.0" encoding="UTF-8"?>
<!-- Generated by org.testng.reporters.JUnitReportReporter -->
<testsuite hostname="MX-IT02061" failures="0" tests="1" name="com.hiran.training.Suma" time="0.006" errors="0" timestamp="2021-12-06T16:57:18 CST" skipped="0">
  <testcase classname="com.hiran.training.Suma" name="suma" time="0.006"/>
  <system-out/>
</testsuite> <!-- com.hiran.training.Suma -->
