<?xml version="1.0" encoding="UTF-8"?>
<!-- Generated by org.testng.reporters.JUnitReportReporter -->
<testsuite hostname="MX-IT02061" failures="0" tests="1" name="com.hiran.training.Array" time="12.851" errors="0" timestamp="2021-11-17T16:33:45 CST" skipped="0">
  <testcase classname="com.hiran.training.Array" name="google" time="12.851"/>
  <system-out/>
</testsuite> <!-- com.hiran.training.Array -->
