<?xml version="1.0" encoding="UTF-8"?>
<!-- Generated by org.testng.reporters.JUnitReportReporter -->
<testsuite hostname="MX-IT02061" failures="0" tests="2" name="testRunnerFrameworks.AnnotationTests" time="0.007" errors="0" timestamp="2021-07-18T21:31:33 CDT" skipped="0">
  <testcase classname="testRunnerFrameworks.AnnotationTests" name="testCount" time="0.001"/>
  <system-out/>
  <testcase classname="testRunnerFrameworks.AnnotationTests" name="testConcact2" time="0.006"/>
  <system-out/>
</testsuite> <!-- testRunnerFrameworks.AnnotationTests -->
