<?xml version="1.0" encoding="UTF-8"?>
<!-- Generated by org.testng.reporters.JUnitReportReporter -->
<testsuite hostname="MX-IT02061" failures="0" tests="4" name="com.hiran.training.Test2" time="74.151" errors="0" timestamp="2021-11-11T14:30:16 CST" skipped="0">
  <testcase classname="com.hiran.training.Test2" name="facebook" time="23.300"/>
  <system-out/>
  <testcase classname="com.hiran.training.Test2" name="hotmail" time="16.852"/>
  <system-out/>
  <testcase classname="com.hiran.training.Test2" name="google" time="15.837"/>
  <system-out/>
  <testcase classname="com.hiran.training.Test2" name="twitter" time="18.162"/>
  <system-out/>
</testsuite> <!-- com.hiran.training.Test2 -->
