<?xml version="1.0" encoding="UTF-8"?>
<!-- Generated by org.testng.reporters.JUnitReportReporter -->
<testsuite hostname="MX-IT02061" failures="0" tests="4" name="com.hiran.training.Test4" time="74.001" errors="0" timestamp="2021-11-11T14:30:16 CST" skipped="0">
  <testcase classname="com.hiran.training.Test4" name="hotmail" time="16.966"/>
  <system-out/>
  <testcase classname="com.hiran.training.Test4" name="google" time="15.653"/>
  <system-out/>
  <testcase classname="com.hiran.training.Test4" name="facebook" time="23.591"/>
  <system-out/>
  <testcase classname="com.hiran.training.Test4" name="twitter" time="17.791"/>
  <system-out/>
</testsuite> <!-- com.hiran.training.Test4 -->
