<?xml version="1.0" encoding="UTF-8"?>
<!-- Generated by org.testng.reporters.JUnitReportReporter -->
<testsuite hostname="MX-IT02061" failures="0" tests="4" name="com.hiran.training.Test3" time="73.380" errors="0" timestamp="2021-11-11T14:30:16 CST" skipped="0">
  <testcase classname="com.hiran.training.Test3" name="google" time="15.002"/>
  <system-out/>
  <testcase classname="com.hiran.training.Test3" name="facebook" time="22.261"/>
  <system-out/>
  <testcase classname="com.hiran.training.Test3" name="hotmail" time="17.154"/>
  <system-out/>
  <testcase classname="com.hiran.training.Test3" name="twitter" time="18.963"/>
  <system-out/>
</testsuite> <!-- com.hiran.training.Test3 -->
