<?xml version="1.0" encoding="UTF-8"?>
<!-- Generated by org.testng.reporters.JUnitReportReporter -->
<testsuite hostname="MX-IT02061" failures="0" tests="4" name="com.hiran.training.TestParallel" time="32.051" errors="0" timestamp="2021-11-11T14:10:16 CST" skipped="0">
  <testcase classname="com.hiran.training.TestParallel" name="hotmail" time="8.172"/>
  <system-out/>
  <testcase classname="com.hiran.training.TestParallel" name="twitter" time="8.032"/>
  <system-out/>
  <testcase classname="com.hiran.training.TestParallel" name="google" time="7.954"/>
  <system-out/>
  <testcase classname="com.hiran.training.TestParallel" name="facebook" time="7.893"/>
  <system-out/>
</testsuite> <!-- com.hiran.training.TestParallel -->
