<?xml version="1.0" encoding="UTF-8"?>
<!-- Generated by org.testng.reporters.JUnitReportReporter -->
<testsuite hostname="MX-IT02061" failures="0" tests="1" name="tests.WikiTests" time="1.439" errors="0" timestamp="2021-07-19T18:09:44 CDT" skipped="0">
  <testcase classname="tests.WikiTests" name="testWikiSearch" time="1.439"/>
  <system-out/>
</testsuite> <!-- tests.WikiTests -->
