<?xml version="1.0" encoding="UTF-8"?>
<!-- Generated by org.testng.reporters.JUnitReportReporter -->
<testsuite hostname="MX-IT02061" failures="0" tests="1" name="testRunnerFrameworks.Concat" time="0.007" errors="0" timestamp="2021-07-18T21:40:28 CDT" skipped="0">
  <testcase classname="testRunnerFrameworks.Concat" name="testConcact" time="0.007"/>
  <system-out/>
</testsuite> <!-- testRunnerFrameworks.Concat -->
