<?xml version="1.0" encoding="UTF-8"?>
<!-- Generated by org.testng.reporters.JUnitReportReporter -->
<testsuite hostname="MX-IT02061" failures="0" tests="4" name="com.hiran.training.Test1" time="70.793" errors="0" timestamp="2021-11-11T14:30:16 CST" skipped="0">
  <testcase classname="com.hiran.training.Test1" name="hotmail" time="15.910"/>
  <system-out/>
  <testcase classname="com.hiran.training.Test1" name="google" time="16.195"/>
  <system-out/>
  <testcase classname="com.hiran.training.Test1" name="twitter" time="15.097"/>
  <system-out/>
  <testcase classname="com.hiran.training.Test1" name="facebook" time="23.591"/>
  <system-out/>
</testsuite> <!-- com.hiran.training.Test1 -->
