<?xml version="1.0" encoding="UTF-8"?>
<!-- Generated by org.testng.reporters.JUnitReportReporter -->
<testsuite hostname="MX-IT02061" failures="0" tests="1" name="com.factory.testcases.VerifyValidLogin" time="5.432" errors="0" timestamp="2021-06-07T20:04:32 CDT" skipped="0">
  <testcase classname="com.factory.testcases.VerifyValidLogin" name="checkValidUser" time="5.432"/>
  <system-out/>
</testsuite> <!-- com.factory.testcases.VerifyValidLogin -->
